<?xml version="1.0" encoding="UTF-8"?>
<!-- Generated by org.testng.reporters.JUnitReportReporter -->
<testsuite hostname="Q14589" name="com.stockacc.master.Exampleng" tests="3" failures="0" timestamp="26 Aug 2016 05:37:13 GMT" time="0.062" errors="0">
  <testcase name="xyz" time="0.047" classname="com.stockacc.master.Exampleng"/>
  <testcase name="pqr" time="0.000" classname="com.stockacc.master.Exampleng"/>
  <testcase name="abc" time="0.015" classname="com.stockacc.master.Exampleng"/>
</testsuite> <!-- com.stockacc.master.Exampleng -->
