<?xml version="1.0" encoding="UTF-8"?>
<!-- Generated by org.testng.reporters.JUnitReportReporter -->
<testsuite hostname="Q14589" name="com.stockacc.master.Loginpom" tests="1" failures="0" timestamp="24 Aug 2016 07:46:21 GMT" time="13.382" errors="0">
  <testcase name="Exe" time="13.382" classname="com.stockacc.master.Loginpom"/>
</testsuite> <!-- com.stockacc.master.Loginpom -->
